2020-03-31 19:32:28.501  INFO 1784 --- [main] com.bill.ema.emaServer.App               : Starting App on PC-20180716BVAZ with PID 1784 (D:\Users\Administrator\git\ema\emaServer\target\classes started by Administrator in D:\Users\Administrator\git\ema\emaServer)
2020-03-31 19:32:28.522  INFO 1784 --- [main] com.bill.ema.emaServer.App               : The following profiles are active: test
2020-03-31 19:32:32.756  INFO 1784 --- [main] .s.d.r.c.RepositoryConfigurationDelegate : Multiple Spring Data modules found, entering strict repository configuration mode!
2020-03-31 19:32:32.766  INFO 1784 --- [main] .s.d.r.c.RepositoryConfigurationDelegate : Bootstrapping Spring Data repositories in DEFAULT mode.
2020-03-31 19:32:32.935  INFO 1784 --- [main] .s.d.r.c.RepositoryConfigurationDelegate : Finished Spring Data repository scanning in 121ms. Found 0 repository interfaces.
2020-03-31 19:32:34.270  INFO 1784 --- [main] faultConfiguringBeanFactoryPostProcessor : No bean named 'errorChannel' has been explicitly defined. Therefore, a default PublishSubscribeChannel will be created.
2020-03-31 19:32:34.408  INFO 1784 --- [main] faultConfiguringBeanFactoryPostProcessor : No bean named 'integrationHeaderChannelRegistry' has been explicitly defined. Therefore, a default DefaultHeaderChannelRegistry will be created.
2020-03-31 19:32:34.534  INFO 1784 --- [main] trationDelegate$BeanPostProcessorChecker : Bean 'shiroConfig' of type [com.bill.ema.emaServer.config.ShiroConfig$$EnhancerBySpringCGLIB$$670db11b] is not eligible for getting processed by all BeanPostProcessors (for example: not eligible for auto-proxying)
2020-03-31 19:32:35.006  INFO 1784 --- [main] trationDelegate$BeanPostProcessorChecker : Bean 'mybatis-plus-com.baomidou.mybatisplus.autoconfigure.MybatisPlusProperties' of type [com.baomidou.mybatisplus.autoconfigure.MybatisPlusProperties] is not eligible for getting processed by all BeanPostProcessors (for example: not eligible for auto-proxying)
2020-03-31 19:32:35.021  INFO 1784 --- [main] trationDelegate$BeanPostProcessorChecker : Bean 'mybatisPlusConfig' of type [com.bill.ema.emaServer.config.MybatisPlusConfig$$EnhancerBySpringCGLIB$$e4a5a7f7] is not eligible for getting processed by all BeanPostProcessors (for example: not eligible for auto-proxying)
2020-03-31 19:32:35.062  INFO 1784 --- [main] trationDelegate$BeanPostProcessorChecker : Bean 'paginationInterceptor' of type [com.baomidou.mybatisplus.extension.plugins.PaginationInterceptor] is not eligible for getting processed by all BeanPostProcessors (for example: not eligible for auto-proxying)
2020-03-31 19:32:35.091  INFO 1784 --- [main] trationDelegate$BeanPostProcessorChecker : Bean 'com.baomidou.mybatisplus.autoconfigure.MybatisPlusAutoConfiguration' of type [com.baomidou.mybatisplus.autoconfigure.MybatisPlusAutoConfiguration$$EnhancerBySpringCGLIB$$1f47d048] is not eligible for getting processed by all BeanPostProcessors (for example: not eligible for auto-proxying)
2020-03-31 19:32:35.098  INFO 1784 --- [main] trationDelegate$BeanPostProcessorChecker : Bean 'com.alibaba.druid.spring.boot.autoconfigure.DruidDataSourceAutoConfigure' of type [com.alibaba.druid.spring.boot.autoconfigure.DruidDataSourceAutoConfigure$$EnhancerBySpringCGLIB$$fb2b5920] is not eligible for getting processed by all BeanPostProcessors (for example: not eligible for auto-proxying)
2020-03-31 19:32:35.105  INFO 1784 --- [main] c.a.d.s.b.a.DruidDataSourceAutoConfigure : Init DruidDataSource
2020-03-31 19:32:35.381  INFO 1784 --- [main] trationDelegate$BeanPostProcessorChecker : Bean 'spring.datasource-org.springframework.boot.autoconfigure.jdbc.DataSourceProperties' of type [org.springframework.boot.autoconfigure.jdbc.DataSourceProperties] is not eligible for getting processed by all BeanPostProcessors (for example: not eligible for auto-proxying)
2020-03-31 19:32:45.966  INFO 1784 --- [main] com.alibaba.druid.pool.DruidDataSource   : {dataSource-1} inited
2020-03-31 19:32:45.967  INFO 1784 --- [main] trationDelegate$BeanPostProcessorChecker : Bean 'dataSource' of type [com.alibaba.druid.spring.boot.autoconfigure.DruidDataSourceWrapper] is not eligible for getting processed by all BeanPostProcessors (for example: not eligible for auto-proxying)
2020-03-31 19:32:48.477  INFO 1784 --- [main] trationDelegate$BeanPostProcessorChecker : Bean 'sqlSessionFactory' of type [org.apache.ibatis.session.defaults.DefaultSqlSessionFactory] is not eligible for getting processed by all BeanPostProcessors (for example: not eligible for auto-proxying)
2020-03-31 19:32:48.492  INFO 1784 --- [main] trationDelegate$BeanPostProcessorChecker : Bean 'sqlSessionTemplate' of type [org.mybatis.spring.SqlSessionTemplate] is not eligible for getting processed by all BeanPostProcessors (for example: not eligible for auto-proxying)
2020-03-31 19:32:48.496  INFO 1784 --- [main] trationDelegate$BeanPostProcessorChecker : Bean 'userDao' of type [org.mybatis.spring.mapper.MapperFactoryBean] is not eligible for getting processed by all BeanPostProcessors (for example: not eligible for auto-proxying)
2020-03-31 19:32:48.822  INFO 1784 --- [main] trationDelegate$BeanPostProcessorChecker : Bean 'userDao' of type [com.sun.proxy.$Proxy67] is not eligible for getting processed by all BeanPostProcessors (for example: not eligible for auto-proxying)
2020-03-31 19:32:48.831  INFO 1784 --- [main] trationDelegate$BeanPostProcessorChecker : Bean 'roleDao' of type [org.mybatis.spring.mapper.MapperFactoryBean] is not eligible for getting processed by all BeanPostProcessors (for example: not eligible for auto-proxying)
2020-03-31 19:32:48.835  INFO 1784 --- [main] trationDelegate$BeanPostProcessorChecker : Bean 'roleDao' of type [com.sun.proxy.$Proxy68] is not eligible for getting processed by all BeanPostProcessors (for example: not eligible for auto-proxying)
2020-03-31 19:32:48.913  INFO 1784 --- [main] trationDelegate$BeanPostProcessorChecker : Bean 'user2RoleDao' of type [org.mybatis.spring.mapper.MapperFactoryBean] is not eligible for getting processed by all BeanPostProcessors (for example: not eligible for auto-proxying)
2020-03-31 19:32:48.917  INFO 1784 --- [main] trationDelegate$BeanPostProcessorChecker : Bean 'user2RoleDao' of type [com.sun.proxy.$Proxy69] is not eligible for getting processed by all BeanPostProcessors (for example: not eligible for auto-proxying)
2020-03-31 19:32:48.989  INFO 1784 --- [main] trationDelegate$BeanPostProcessorChecker : Bean 'role2PermissionDao' of type [org.mybatis.spring.mapper.MapperFactoryBean] is not eligible for getting processed by all BeanPostProcessors (for example: not eligible for auto-proxying)
2020-03-31 19:32:48.992  INFO 1784 --- [main] trationDelegate$BeanPostProcessorChecker : Bean 'role2PermissionDao' of type [com.sun.proxy.$Proxy70] is not eligible for getting processed by all BeanPostProcessors (for example: not eligible for auto-proxying)
2020-03-31 19:32:49.000  INFO 1784 --- [main] trationDelegate$BeanPostProcessorChecker : Bean 'permissionDao' of type [org.mybatis.spring.mapper.MapperFactoryBean] is not eligible for getting processed by all BeanPostProcessors (for example: not eligible for auto-proxying)
2020-03-31 19:32:49.005  INFO 1784 --- [main] trationDelegate$BeanPostProcessorChecker : Bean 'permissionDao' of type [com.sun.proxy.$Proxy71] is not eligible for getting processed by all BeanPostProcessors (for example: not eligible for auto-proxying)
2020-03-31 19:32:49.027  INFO 1784 --- [main] trationDelegate$BeanPostProcessorChecker : Bean 'user2RoleServiceImpl' of type [com.bill.ema.emaServer.service.impl.User2RoleServiceImpl] is not eligible for getting processed by all BeanPostProcessors (for example: not eligible for auto-proxying)
2020-03-31 19:32:49.052  INFO 1784 --- [main] trationDelegate$BeanPostProcessorChecker : Bean 'permissionServiceImpl' of type [com.bill.ema.emaServer.service.impl.PermissionServiceImpl] is not eligible for getting processed by all BeanPostProcessors (for example: not eligible for auto-proxying)
2020-03-31 19:32:49.052  INFO 1784 --- [main] trationDelegate$BeanPostProcessorChecker : Bean 'role2PermissionServiceImpl' of type [com.bill.ema.emaServer.service.impl.Role2PermissionServiceImpl] is not eligible for getting processed by all BeanPostProcessors (for example: not eligible for auto-proxying)
2020-03-31 19:32:49.057  INFO 1784 --- [main] trationDelegate$BeanPostProcessorChecker : Bean 'roleServiceImpl' of type [com.bill.ema.emaServer.service.impl.RoleServiceImpl] is not eligible for getting processed by all BeanPostProcessors (for example: not eligible for auto-proxying)
2020-03-31 19:32:49.068  INFO 1784 --- [main] trationDelegate$BeanPostProcessorChecker : Bean 'userService' of type [com.bill.ema.emaServer.service.impl.UserServiceImpl] is not eligible for getting processed by all BeanPostProcessors (for example: not eligible for auto-proxying)
2020-03-31 19:32:49.072  INFO 1784 --- [main] org.apache.shiro.realm.AuthorizingRealm  : No cache or cacheManager properties have been set.  Authorization cache cannot be obtained.
2020-03-31 19:32:49.073  INFO 1784 --- [main] trationDelegate$BeanPostProcessorChecker : Bean 'userRealm' of type [com.bill.ema.emaServer.service.shiro.UserRealm] is not eligible for getting processed by all BeanPostProcessors (for example: not eligible for auto-proxying)
2020-03-31 19:32:49.143  INFO 1784 --- [main] trationDelegate$BeanPostProcessorChecker : Bean 'sessionManager' of type [org.apache.shiro.web.session.mgt.DefaultWebSessionManager] is not eligible for getting processed by all BeanPostProcessors (for example: not eligible for auto-proxying)
2020-03-31 19:32:49.149  INFO 1784 --- [main] trationDelegate$BeanPostProcessorChecker : Bean 'securityManager' of type [org.apache.shiro.web.mgt.DefaultWebSecurityManager] is not eligible for getting processed by all BeanPostProcessors (for example: not eligible for auto-proxying)
2020-03-31 19:32:49.266  INFO 1784 --- [main] trationDelegate$BeanPostProcessorChecker : Bean 'org.springframework.amqp.rabbit.annotation.RabbitBootstrapConfiguration' of type [org.springframework.amqp.rabbit.annotation.RabbitBootstrapConfiguration$$EnhancerBySpringCGLIB$$a7eb21dc] is not eligible for getting processed by all BeanPostProcessors (for example: not eligible for auto-proxying)
2020-03-31 19:32:49.441  INFO 1784 --- [main] trationDelegate$BeanPostProcessorChecker : Bean 'authorizationAttributeSourceAdvisor' of type [org.apache.shiro.spring.security.interceptor.AuthorizationAttributeSourceAdvisor] is not eligible for getting processed by all BeanPostProcessors (for example: not eligible for auto-proxying)
2020-03-31 19:32:49.562  INFO 1784 --- [main] trationDelegate$BeanPostProcessorChecker : Bean 'org.springframework.transaction.annotation.ProxyTransactionManagementConfiguration' of type [org.springframework.transaction.annotation.ProxyTransactionManagementConfiguration$$EnhancerBySpringCGLIB$$e17f63ae] is not eligible for getting processed by all BeanPostProcessors (for example: not eligible for auto-proxying)
2020-03-31 19:32:49.661  INFO 1784 --- [main] trationDelegate$BeanPostProcessorChecker : Bean 'org.springframework.integration.config.IntegrationManagementConfiguration' of type [org.springframework.integration.config.IntegrationManagementConfiguration$$EnhancerBySpringCGLIB$$4c711edd] is not eligible for getting processed by all BeanPostProcessors (for example: not eligible for auto-proxying)
2020-03-31 19:32:49.761  INFO 1784 --- [main] trationDelegate$BeanPostProcessorChecker : Bean 'integrationDisposableAutoCreatedBeans' of type [org.springframework.integration.config.annotation.Disposables] is not eligible for getting processed by all BeanPostProcessors (for example: not eligible for auto-proxying)
2020-03-31 19:32:51.000  INFO 1784 --- [main] o.s.b.w.embedded.tomcat.TomcatWebServer  : Tomcat initialized with port(s): 8080 (http)
2020-03-31 19:32:51.127  INFO 1784 --- [main] o.apache.catalina.core.StandardService   : Starting service [Tomcat]
2020-03-31 19:32:51.128  INFO 1784 --- [main] org.apache.catalina.core.StandardEngine  : Starting Servlet engine: [Apache Tomcat/9.0.16]
2020-03-31 19:32:51.153  INFO 1784 --- [main] o.a.catalina.core.AprLifecycleListener   : The APR based Apache Tomcat Native library which allows optimal performance in production environments was not found on the java.library.path: [C:\Program Files\Java\jre1.8.0_191\bin;C:\Windows\Sun\Java\bin;C:\Windows\system32;C:\Windows;C:/Program Files/Java/jre1.8.0_191/bin/server;C:/Program Files/Java/jre1.8.0_191/bin;C:/Program Files/Java/jre1.8.0_191/lib/amd64;C:\Program Files (x86)\Common Files\Oracle\Java\javapath;C:\Program Files (x86)\Common Files\Intel\Shared Libraries\redist\intel64\compiler;C:\Windows\system32;C:\Windows;C:\Windows\System32\Wbem;C:\Windows\System32\WindowsPowerShell\v1.0\;C:\Program Files\Bandizip\;C:\Windows\system32;;.]
2020-03-31 19:32:51.913  INFO 1784 --- [main] o.a.c.c.C.[Tomcat].[localhost].[/ema]    : Initializing Spring embedded WebApplicationContext
2020-03-31 19:32:51.913  INFO 1784 --- [main] o.s.web.context.ContextLoader            : Root WebApplicationContext: initialization completed in 23104 ms
2020-03-31 19:32:55.590  INFO 1784 --- [main] o.s.s.concurrent.ThreadPoolTaskExecutor  : Initializing ExecutorService 'applicationTaskExecutor'
2020-03-31 19:32:56.215  INFO 1784 --- [main] o.s.b.a.w.s.WelcomePageHandlerMapping    : Adding welcome page template: index
2020-03-31 19:32:59.474  INFO 1784 --- [main] org.quartz.impl.StdSchedulerFactory      : Using default implementation for ThreadExecutor
2020-03-31 19:32:59.532  INFO 1784 --- [main] org.quartz.core.SchedulerSignalerImpl    : Initialized Scheduler Signaller of type: class org.quartz.core.SchedulerSignalerImpl
2020-03-31 19:32:59.533  INFO 1784 --- [main] org.quartz.core.QuartzScheduler          : Quartz Scheduler v.2.3.0 created.
2020-03-31 19:32:59.536  INFO 1784 --- [main] org.quartz.simpl.RAMJobStore             : RAMJobStore initialized.
2020-03-31 19:32:59.539  INFO 1784 --- [main] org.quartz.core.QuartzScheduler          : Scheduler meta-data: Quartz Scheduler (v2.3.0) 'quartzScheduler' with instanceId 'NON_CLUSTERED'
  Scheduler class: 'org.quartz.core.QuartzScheduler' - running locally.
  NOT STARTED.
  Currently in standby mode.
  Number of jobs executed: 0
  Using thread pool 'org.quartz.simpl.SimpleThreadPool' - with 10 threads.
  Using job-store 'org.quartz.simpl.RAMJobStore' - which does not support persistence. and is not clustered.

2020-03-31 19:32:59.540  INFO 1784 --- [main] org.quartz.impl.StdSchedulerFactory      : Quartz scheduler 'quartzScheduler' initialized from an externally provided properties instance.
2020-03-31 19:32:59.541  INFO 1784 --- [main] org.quartz.impl.StdSchedulerFactory      : Quartz scheduler version: 2.3.0
2020-03-31 19:32:59.541  INFO 1784 --- [main] org.quartz.core.QuartzScheduler          : JobFactory set to: org.springframework.scheduling.quartz.SpringBeanJobFactory@5bc63e20
2020-03-31 19:32:59.608  INFO 1784 --- [main] o.s.s.c.ThreadPoolTaskScheduler          : Initializing ExecutorService 'taskScheduler'
2020-03-31 19:33:00.587  INFO 1784 --- [main] o.s.i.endpoint.EventDrivenConsumer       : Adding {logging-channel-adapter:_org.springframework.integration.errorLogger} as a subscriber to the 'errorChannel' channel
2020-03-31 19:33:00.588  INFO 1784 --- [main] o.s.i.channel.PublishSubscribeChannel    : Channel 'application.errorChannel' has 1 subscriber(s).
2020-03-31 19:33:00.589  INFO 1784 --- [main] o.s.i.endpoint.EventDrivenConsumer       : started _org.springframework.integration.errorLogger
2020-03-31 19:33:00.590  INFO 1784 --- [main] o.s.s.quartz.SchedulerFactoryBean        : Starting Quartz Scheduler now
2020-03-31 19:33:00.590  INFO 1784 --- [main] org.quartz.core.QuartzScheduler          : Scheduler quartzScheduler_$_NON_CLUSTERED started.
2020-03-31 19:33:00.837  INFO 1784 --- [main] o.s.b.w.embedded.tomcat.TomcatWebServer  : Tomcat started on port(s): 8080 (http) with context path '/ema'
2020-03-31 19:33:00.847  INFO 1784 --- [main] com.bill.ema.emaServer.App               : Started App in 34.349 seconds (JVM running for 39.28)
2020-03-31 19:33:41.456  INFO 1784 --- [http-nio-8080-exec-2] o.a.c.c.C.[Tomcat].[localhost].[/ema]    : Initializing Spring DispatcherServlet 'dispatcherServlet'
2020-03-31 19:33:41.457  INFO 1784 --- [http-nio-8080-exec-2] o.s.web.servlet.DispatcherServlet        : Initializing Servlet 'dispatcherServlet'
2020-03-31 19:33:41.646  INFO 1784 --- [http-nio-8080-exec-2] o.s.web.servlet.DispatcherServlet        : Completed initialization in 189 ms
2020-03-31 19:33:41.985  INFO 1784 --- [http-nio-8080-exec-2] a.s.s.m.AbstractValidatingSessionManager : Enabling session validation scheduler...
2020-03-31 19:41:46.450  INFO 1784 --- [http-nio-8080-exec-9] c.b.e.e.service.impl.LoginServiceImpl    : Tue Mar 31 19:41:46 CST 2020   用户a393386920登陆成功。
2020-03-31 19:41:47.033  INFO 1784 --- [http-nio-8080-exec-5] org.apache.shiro.realm.AuthorizingRealm  : No cache or cacheManager properties have been set.  Authorization cache cannot be obtained.
2020-03-31 19:41:47.038  INFO 1784 --- [http-nio-8080-exec-5] org.apache.shiro.realm.AuthorizingRealm  : No cache or cacheManager properties have been set.  Authorization cache cannot be obtained.
2020-03-31 19:41:54.227  INFO 1784 --- [http-nio-8080-exec-3] org.apache.shiro.realm.AuthorizingRealm  : No cache or cacheManager properties have been set.  Authorization cache cannot be obtained.
2020-03-31 19:41:54.229  INFO 1784 --- [http-nio-8080-exec-3] org.apache.shiro.realm.AuthorizingRealm  : No cache or cacheManager properties have been set.  Authorization cache cannot be obtained.
2020-03-31 19:41:54.229  INFO 1784 --- [http-nio-8080-exec-3] org.apache.shiro.realm.AuthorizingRealm  : No cache or cacheManager properties have been set.  Authorization cache cannot be obtained.
2020-03-31 19:41:54.230  INFO 1784 --- [http-nio-8080-exec-3] org.apache.shiro.realm.AuthorizingRealm  : No cache or cacheManager properties have been set.  Authorization cache cannot be obtained.
2020-03-31 19:41:54.230  INFO 1784 --- [http-nio-8080-exec-3] org.apache.shiro.realm.AuthorizingRealm  : No cache or cacheManager properties have been set.  Authorization cache cannot be obtained.
2020-03-31 19:41:54.231  INFO 1784 --- [http-nio-8080-exec-3] org.apache.shiro.realm.AuthorizingRealm  : No cache or cacheManager properties have been set.  Authorization cache cannot be obtained.
2020-03-31 19:41:54.231  INFO 1784 --- [http-nio-8080-exec-3] org.apache.shiro.realm.AuthorizingRealm  : No cache or cacheManager properties have been set.  Authorization cache cannot be obtained.
2020-03-31 19:41:54.232  INFO 1784 --- [http-nio-8080-exec-3] org.apache.shiro.realm.AuthorizingRealm  : No cache or cacheManager properties have been set.  Authorization cache cannot be obtained.
2020-03-31 19:41:54.232  INFO 1784 --- [http-nio-8080-exec-3] org.apache.shiro.realm.AuthorizingRealm  : No cache or cacheManager properties have been set.  Authorization cache cannot be obtained.
2020-03-31 19:41:54.233  INFO 1784 --- [http-nio-8080-exec-3] org.apache.shiro.realm.AuthorizingRealm  : No cache or cacheManager properties have been set.  Authorization cache cannot be obtained.
2020-03-31 19:43:08.777  INFO 1784 --- [http-nio-8080-exec-11] org.apache.shiro.realm.AuthorizingRealm  : No cache or cacheManager properties have been set.  Authorization cache cannot be obtained.
2020-03-31 19:43:08.779  INFO 1784 --- [http-nio-8080-exec-11] org.apache.shiro.realm.AuthorizingRealm  : No cache or cacheManager properties have been set.  Authorization cache cannot be obtained.
2020-03-31 19:43:08.780  INFO 1784 --- [http-nio-8080-exec-11] org.apache.shiro.realm.AuthorizingRealm  : No cache or cacheManager properties have been set.  Authorization cache cannot be obtained.
2020-03-31 19:43:08.781  INFO 1784 --- [http-nio-8080-exec-11] org.apache.shiro.realm.AuthorizingRealm  : No cache or cacheManager properties have been set.  Authorization cache cannot be obtained.
2020-03-31 19:43:08.782  INFO 1784 --- [http-nio-8080-exec-11] org.apache.shiro.realm.AuthorizingRealm  : No cache or cacheManager properties have been set.  Authorization cache cannot be obtained.
2020-03-31 19:43:08.782  INFO 1784 --- [http-nio-8080-exec-11] org.apache.shiro.realm.AuthorizingRealm  : No cache or cacheManager properties have been set.  Authorization cache cannot be obtained.
2020-03-31 19:43:15.792  INFO 1784 --- [http-nio-8080-exec-15] org.apache.shiro.realm.AuthorizingRealm  : No cache or cacheManager properties have been set.  Authorization cache cannot be obtained.
2020-03-31 19:43:15.794  INFO 1784 --- [http-nio-8080-exec-15] org.apache.shiro.realm.AuthorizingRealm  : No cache or cacheManager properties have been set.  Authorization cache cannot be obtained.
2020-03-31 19:43:15.794  INFO 1784 --- [http-nio-8080-exec-15] org.apache.shiro.realm.AuthorizingRealm  : No cache or cacheManager properties have been set.  Authorization cache cannot be obtained.
2020-03-31 19:43:15.795  INFO 1784 --- [http-nio-8080-exec-15] org.apache.shiro.realm.AuthorizingRealm  : No cache or cacheManager properties have been set.  Authorization cache cannot be obtained.
2020-03-31 19:43:15.796  INFO 1784 --- [http-nio-8080-exec-15] org.apache.shiro.realm.AuthorizingRealm  : No cache or cacheManager properties have been set.  Authorization cache cannot be obtained.
2020-03-31 19:43:15.798  INFO 1784 --- [http-nio-8080-exec-15] org.apache.shiro.realm.AuthorizingRealm  : No cache or cacheManager properties have been set.  Authorization cache cannot be obtained.
2020-03-31 19:43:16.635  INFO 1784 --- [http-nio-8080-exec-18] org.apache.shiro.realm.AuthorizingRealm  : No cache or cacheManager properties have been set.  Authorization cache cannot be obtained.
2020-03-31 19:43:16.636  INFO 1784 --- [http-nio-8080-exec-18] org.apache.shiro.realm.AuthorizingRealm  : No cache or cacheManager properties have been set.  Authorization cache cannot be obtained.
2020-03-31 19:43:16.636  INFO 1784 --- [http-nio-8080-exec-18] org.apache.shiro.realm.AuthorizingRealm  : No cache or cacheManager properties have been set.  Authorization cache cannot be obtained.
2020-03-31 19:43:16.637  INFO 1784 --- [http-nio-8080-exec-18] org.apache.shiro.realm.AuthorizingRealm  : No cache or cacheManager properties have been set.  Authorization cache cannot be obtained.
2020-03-31 19:43:16.638  INFO 1784 --- [http-nio-8080-exec-18] org.apache.shiro.realm.AuthorizingRealm  : No cache or cacheManager properties have been set.  Authorization cache cannot be obtained.
2020-03-31 19:43:16.639  INFO 1784 --- [http-nio-8080-exec-18] org.apache.shiro.realm.AuthorizingRealm  : No cache or cacheManager properties have been set.  Authorization cache cannot be obtained.
2020-03-31 19:44:04.270  INFO 1784 --- [http-nio-8080-exec-21] org.apache.shiro.realm.AuthorizingRealm  : No cache or cacheManager properties have been set.  Authorization cache cannot be obtained.
2020-03-31 19:44:04.271  INFO 1784 --- [http-nio-8080-exec-21] org.apache.shiro.realm.AuthorizingRealm  : No cache or cacheManager properties have been set.  Authorization cache cannot be obtained.
2020-03-31 19:44:04.272  INFO 1784 --- [http-nio-8080-exec-21] org.apache.shiro.realm.AuthorizingRealm  : No cache or cacheManager properties have been set.  Authorization cache cannot be obtained.
2020-03-31 19:44:04.272  INFO 1784 --- [http-nio-8080-exec-21] org.apache.shiro.realm.AuthorizingRealm  : No cache or cacheManager properties have been set.  Authorization cache cannot be obtained.
2020-03-31 19:44:04.273  INFO 1784 --- [http-nio-8080-exec-21] org.apache.shiro.realm.AuthorizingRealm  : No cache or cacheManager properties have been set.  Authorization cache cannot be obtained.
2020-03-31 19:44:04.276  INFO 1784 --- [http-nio-8080-exec-21] org.apache.shiro.realm.AuthorizingRealm  : No cache or cacheManager properties have been set.  Authorization cache cannot be obtained.
2020-03-31 19:44:47.352  INFO 1784 --- [http-nio-8080-exec-23] org.apache.shiro.realm.AuthorizingRealm  : No cache or cacheManager properties have been set.  Authorization cache cannot be obtained.
2020-03-31 19:46:17.930  INFO 1784 --- [http-nio-8080-exec-27] org.apache.shiro.realm.AuthorizingRealm  : No cache or cacheManager properties have been set.  Authorization cache cannot be obtained.
2020-03-31 19:46:17.931  INFO 1784 --- [http-nio-8080-exec-27] org.apache.shiro.realm.AuthorizingRealm  : No cache or cacheManager properties have been set.  Authorization cache cannot be obtained.
2020-03-31 19:46:17.932  INFO 1784 --- [http-nio-8080-exec-27] org.apache.shiro.realm.AuthorizingRealm  : No cache or cacheManager properties have been set.  Authorization cache cannot be obtained.
2020-03-31 19:46:17.932  INFO 1784 --- [http-nio-8080-exec-27] org.apache.shiro.realm.AuthorizingRealm  : No cache or cacheManager properties have been set.  Authorization cache cannot be obtained.
2020-03-31 19:46:17.933  INFO 1784 --- [http-nio-8080-exec-27] org.apache.shiro.realm.AuthorizingRealm  : No cache or cacheManager properties have been set.  Authorization cache cannot be obtained.
2020-03-31 19:46:17.933  INFO 1784 --- [http-nio-8080-exec-27] org.apache.shiro.realm.AuthorizingRealm  : No cache or cacheManager properties have been set.  Authorization cache cannot be obtained.
2020-03-31 19:46:34.747  INFO 1784 --- [http-nio-8080-exec-30] org.apache.shiro.realm.AuthorizingRealm  : No cache or cacheManager properties have been set.  Authorization cache cannot be obtained.
2020-03-31 19:46:34.748  INFO 1784 --- [http-nio-8080-exec-30] org.apache.shiro.realm.AuthorizingRealm  : No cache or cacheManager properties have been set.  Authorization cache cannot be obtained.
2020-03-31 19:46:34.749  INFO 1784 --- [http-nio-8080-exec-30] org.apache.shiro.realm.AuthorizingRealm  : No cache or cacheManager properties have been set.  Authorization cache cannot be obtained.
2020-03-31 19:46:34.749  INFO 1784 --- [http-nio-8080-exec-30] org.apache.shiro.realm.AuthorizingRealm  : No cache or cacheManager properties have been set.  Authorization cache cannot be obtained.
2020-03-31 19:46:34.750  INFO 1784 --- [http-nio-8080-exec-30] org.apache.shiro.realm.AuthorizingRealm  : No cache or cacheManager properties have been set.  Authorization cache cannot be obtained.
2020-03-31 19:46:34.750  INFO 1784 --- [http-nio-8080-exec-30] org.apache.shiro.realm.AuthorizingRealm  : No cache or cacheManager properties have been set.  Authorization cache cannot be obtained.
2020-03-31 20:33:42.050  INFO 1784 --- [Thread-4] a.s.s.m.AbstractValidatingSessionManager : Validating all active sessions...
2020-03-31 20:33:42.051  INFO 1784 --- [Thread-4] a.s.s.m.AbstractValidatingSessionManager : Finished session validation.  No sessions were stopped.
2020-03-31 21:33:42.114  INFO 1784 --- [Thread-4] a.s.s.m.AbstractValidatingSessionManager : Validating all active sessions...
2020-03-31 21:33:42.119  INFO 1784 --- [Thread-4] a.s.s.m.AbstractValidatingSessionManager : Finished session validation.  [1] sessions were stopped.
2020-03-31 21:49:37.504  INFO 1784 --- [RMI TCP Connection(2)-127.0.0.1] inMXBeanRegistrar$SpringApplicationAdmin : Application shutdown requested.
2020-03-31 21:49:37.513  INFO 1784 --- [RMI TCP Connection(2)-127.0.0.1] org.quartz.core.QuartzScheduler          : Scheduler quartzScheduler_$_NON_CLUSTERED paused.
2020-03-31 21:49:37.542  INFO 1784 --- [RMI TCP Connection(2)-127.0.0.1] o.s.i.endpoint.EventDrivenConsumer       : Removing {logging-channel-adapter:_org.springframework.integration.errorLogger} as a subscriber to the 'errorChannel' channel
2020-03-31 21:49:37.570  INFO 1784 --- [RMI TCP Connection(2)-127.0.0.1] o.s.i.channel.PublishSubscribeChannel    : Channel 'application.errorChannel' has 0 subscriber(s).
2020-03-31 21:49:37.571  INFO 1784 --- [RMI TCP Connection(2)-127.0.0.1] o.s.i.endpoint.EventDrivenConsumer       : stopped _org.springframework.integration.errorLogger
2020-03-31 21:49:37.579  INFO 1784 --- [RMI TCP Connection(2)-127.0.0.1] o.s.s.c.ThreadPoolTaskScheduler          : Shutting down ExecutorService 'taskScheduler'
2020-03-31 21:49:37.581  INFO 1784 --- [RMI TCP Connection(2)-127.0.0.1] o.s.s.quartz.SchedulerFactoryBean        : Shutting down Quartz Scheduler
2020-03-31 21:49:37.581  INFO 1784 --- [RMI TCP Connection(2)-127.0.0.1] org.quartz.core.QuartzScheduler          : Scheduler quartzScheduler_$_NON_CLUSTERED shutting down.
2020-03-31 21:49:37.581  INFO 1784 --- [RMI TCP Connection(2)-127.0.0.1] org.quartz.core.QuartzScheduler          : Scheduler quartzScheduler_$_NON_CLUSTERED paused.
2020-03-31 21:49:37.583  INFO 1784 --- [RMI TCP Connection(2)-127.0.0.1] org.quartz.core.QuartzScheduler          : Scheduler quartzScheduler_$_NON_CLUSTERED shutdown complete.
2020-03-31 21:49:37.691  INFO 1784 --- [RMI TCP Connection(2)-127.0.0.1] o.s.s.concurrent.ThreadPoolTaskExecutor  : Shutting down ExecutorService 'applicationTaskExecutor'
2020-03-31 21:49:37.725  INFO 1784 --- [RMI TCP Connection(2)-127.0.0.1] a.s.s.m.AbstractValidatingSessionManager : Disabled session validation scheduler.
2020-03-31 21:49:37.782  INFO 1784 --- [RMI TCP Connection(2)-127.0.0.1] com.alibaba.druid.pool.DruidDataSource   : {dataSource-1} closed
